  AStar.cpp
C:\Users\Jordan.Oaksydix\Pictures\The Shit™ Collection\University Shit\2nd Year\DS&A 1\pathfinding\AStar.cpp(163,42): warning C4244: '=': conversion from 'double' to 'int', possible loss of data
  Grid.cpp
C:\Users\Jordan.Oaksydix\Pictures\The Shit™ Collection\University Shit\2nd Year\DS&A 1\pathfinding\Grid.cpp(36,16): warning C4566: character represented by universal-character-name '\u2588' cannot be represented in the current code page (1252)
C:\Users\Jordan.Oaksydix\Pictures\The Shit™ Collection\University Shit\2nd Year\DS&A 1\pathfinding\Grid.cpp(41,16): warning C4566: character represented by universal-character-name '\u2588' cannot be represented in the current code page (1252)
C:\Users\Jordan.Oaksydix\Pictures\The Shit™ Collection\University Shit\2nd Year\DS&A 1\pathfinding\Grid.cpp(46,16): warning C4566: character represented by universal-character-name '\u2588' cannot be represented in the current code page (1252)
C:\Users\Jordan.Oaksydix\Pictures\The Shit™ Collection\University Shit\2nd Year\DS&A 1\pathfinding\Grid.cpp(57,15): warning C4566: character represented by universal-character-name '\u2588' cannot be represented in the current code page (1252)
C:\Users\Jordan.Oaksydix\Pictures\The Shit™ Collection\University Shit\2nd Year\DS&A 1\pathfinding\Grid.cpp(62,15): warning C4566: character represented by universal-character-name '\u2588' cannot be represented in the current code page (1252)
C:\Users\Jordan.Oaksydix\Pictures\The Shit™ Collection\University Shit\2nd Year\DS&A 1\pathfinding\Grid.cpp(69,16): warning C4566: character represented by universal-character-name '\u2588' cannot be represented in the current code page (1252)
C:\Users\Jordan.Oaksydix\Pictures\The Shit™ Collection\University Shit\2nd Year\DS&A 1\pathfinding\Grid.cpp(74,16): warning C4566: character represented by universal-character-name '\u2588' cannot be represented in the current code page (1252)
C:\Users\Jordan.Oaksydix\Pictures\The Shit™ Collection\University Shit\2nd Year\DS&A 1\pathfinding\Grid.cpp(79,16): warning C4566: character represented by universal-character-name '\u2588' cannot be represented in the current code page (1252)
C:\Users\Jordan.Oaksydix\Pictures\The Shit™ Collection\University Shit\2nd Year\DS&A 1\pathfinding\Grid.cpp(89,14): warning C4566: character represented by universal-character-name '\u2588' cannot be represented in the current code page (1252)
C:\Users\Jordan.Oaksydix\Pictures\The Shit™ Collection\University Shit\2nd Year\DS&A 1\pathfinding\Grid.cpp(94,14): warning C4566: character represented by universal-character-name '\u2588' cannot be represented in the current code page (1252)
C:\Users\Jordan.Oaksydix\Pictures\The Shit™ Collection\University Shit\2nd Year\DS&A 1\pathfinding\Grid.cpp(103,15): warning C4566: character represented by universal-character-name '\u2588' cannot be represented in the current code page (1252)
C:\Users\Jordan.Oaksydix\Pictures\The Shit™ Collection\University Shit\2nd Year\DS&A 1\pathfinding\Grid.cpp(108,15): warning C4566: character represented by universal-character-name '\u2588' cannot be represented in the current code page (1252)
C:\Users\Jordan.Oaksydix\Pictures\The Shit™ Collection\University Shit\2nd Year\DS&A 1\pathfinding\Grid.cpp(113,15): warning C4566: character represented by universal-character-name '\u2588' cannot be represented in the current code page (1252)
  Lee.cpp
  Main.cpp
  Node.cpp
  Timer.cpp
  Running Code Analysis for C/C++...
C:\Users\Jordan.Oaksydix\Pictures\The Shit™ Collection\University Shit\2nd Year\DS&A 1\pathfinding\Timer.cpp : fatal error C1083: Cannot open compiler generated file: 'C:\Users\Jordan.Oaksydix\Pictures\The Shit™ Collection\University Shit\2nd Year\DS&A 1\pathfinding\Debug\Timer.nativecodeanalysis.xml': No error
C:\Users\Jordan.Oaksydix\Pictures\The Shit™ Collection\University Shit\2nd Year\DS&A 1\pathfinding\Node.cpp : fatal error C1083: Cannot open compiler generated file: 'C:\Users\Jordan.Oaksydix\Pictures\The Shit™ Collection\University Shit\2nd Year\DS&A 1\pathfinding\Debug\Node.nativecodeanalysis.xml': No error
C:\Users\Jordan.Oaksydix\Pictures\The Shit™ Collection\University Shit\2nd Year\DS&A 1\pathfinding\Main.cpp : fatal error C1083: Cannot open compiler generated file: 'C:\Users\Jordan.Oaksydix\Pictures\The Shit™ Collection\University Shit\2nd Year\DS&A 1\pathfinding\Debug\Main.nativecodeanalysis.xml': No error
C:\Users\Jordan.Oaksydix\Pictures\The Shit™ Collection\University Shit\2nd Year\DS&A 1\pathfinding\Lee.cpp : fatal error C1083: Cannot open compiler generated file: 'C:\Users\Jordan.Oaksydix\Pictures\The Shit™ Collection\University Shit\2nd Year\DS&A 1\pathfinding\Debug\Lee.nativecodeanalysis.xml': No error
C:\Users\Jordan.Oaksydix\Pictures\The Shit™ Collection\University Shit\2nd Year\DS&A 1\pathfinding\Grid.cpp : fatal error C1083: Cannot open compiler generated file: 'C:\Users\Jordan.Oaksydix\Pictures\The Shit™ Collection\University Shit\2nd Year\DS&A 1\pathfinding\Debug\Grid.nativecodeanalysis.xml': No error
C:\Users\Jordan.Oaksydix\Pictures\The Shit™ Collection\University Shit\2nd Year\DS&A 1\pathfinding\AStar.cpp : fatal error C1083: Cannot open compiler generated file: 'C:\Users\Jordan.Oaksydix\Pictures\The Shit™ Collection\University Shit\2nd Year\DS&A 1\pathfinding\Debug\AStar.nativecodeanalysis.xml': No error
  Generating Code...
